{"C:\\Users\\Ahmed Kamel\\Desktop\\Vue learn\\my-project\\src\\components\\MainNav.vue": {"path":"C:\\Users\\Ahmed Kamel\\Desktop\\Vue learn\\my-project\\src\\components\\MainNav.vue","statementMap":{"0":{"start":{"line":4,"column":0},"end":{"line":6,"column":3}},"1":{"start":{"line":7,"column":0},"end":{"line":7,"column":25}},"2":{"start":{"line":8,"column":15},"end":{"line":15,"column":1}},"3":{"start":{"line":11,"column":4},"end":{"line":13,"column":6}},"4":{"start":{"line":18,"column":0},"end":{"line":18,"column":13}},"5":{"start":{"line":20,"column":0},"end":{"line":22,"column":3}},"6":{"start":{"line":23,"column":0},"end":{"line":23,"column":24}},"7":{"start":{"line":24,"column":11},"end":{"line":24,"column":25}},"8":{"start":{"line":25,"column":19},"end":{"line":27,"column":1}},"9":{"start":{"line":28,"column":19},"end":{"line":30,"column":1}},"10":{"start":{"line":31,"column":19},"end":{"line":33,"column":1}},"11":{"start":{"line":34,"column":19},"end":{"line":37,"column":1}},"12":{"start":{"line":39,"column":2},"end":{"line":39,"column":289}},"13":{"start":{"line":40,"column":2},"end":{"line":40,"column":49}}},"fnMap":{"0":{"name":"(anonymous_0)","decl":{"start":{"line":10,"column":2},"end":{"line":10,"column":3}},"loc":{"start":{"line":10,"column":9},"end":{"line":14,"column":3}},"line":10},"1":{"name":"render","decl":{"start":{"line":38,"column":9},"end":{"line":38,"column":15}},"loc":{"start":{"line":38,"column":30},"end":{"line":40,"column":1}},"line":38}},"branchMap":{},"s":{"0":1,"1":1,"2":1,"3":1,"4":1,"5":1,"6":1,"7":1,"8":1,"9":1,"10":1,"11":1,"12":1,"13":1},"f":{"0":1,"1":1},"b":{},"inputSourceMap":{"0":"{","1":"\"","2":"v","3":"e","4":"r","5":"s","6":"i","7":"o","8":"n","9":"\"","10":":","11":"3","12":",","13":"\"","14":"s","15":"o","16":"u","17":"r","18":"c","19":"e","20":"s","21":"\"","22":":","23":"[","24":"\"","25":"C","26":":","27":"\\","28":"\\","29":"U","30":"s","31":"e","32":"r","33":"s","34":"\\","35":"\\","36":"A","37":"h","38":"m","39":"e","40":"d","41":" ","42":"K","43":"a","44":"m","45":"e","46":"l","47":"\\","48":"\\","49":"D","50":"e","51":"s","52":"k","53":"t","54":"o","55":"p","56":"\\","57":"\\","58":"V","59":"u","60":"e","61":" ","62":"l","63":"e","64":"a","65":"r","66":"n","67":"\\","68":"\\","69":"m","70":"y","71":"-","72":"p","73":"r","74":"o","75":"j","76":"e","77":"c","78":"t","79":"\\","80":"\\","81":"s","82":"r","83":"c","84":"\\","85":"\\","86":"c","87":"o","88":"m","89":"p","90":"o","91":"n","92":"e","93":"n","94":"t","95":"s","96":"\\","97":"\\","98":"M","99":"a","100":"i","101":"n","102":"N","103":"a","104":"v","105":".","106":"v","107":"u","108":"e","109":"\"","110":"]","111":",","112":"\"","113":"n","114":"a","115":"m","116":"e","117":"s","118":"\"","119":":","120":"[","121":"]","122":",","123":"\"","124":"m","125":"a","126":"p","127":"p","128":"i","129":"n","130":"g","131":"s","132":"\"","133":":","134":"\"","135":";","136":";","137":";","138":";","139":";","140":";","141":";","142":"e","143":"A","144":"g","145":"B","146":"c","147":";","148":"E","149":"A","150":"C","151":"V","152":",","153":"I","154":"A","155":"A","156":"I","157":",","158":"E","159":"A","160":"A","161":"E","162":",","163":"S","164":"A","165":"A","166":"S","167":";","168":"E","169":"A","170":"C","171":"f","172":",","173":"I","174":"A","175":"A","176":"I","177":",","178":"G","179":"A","180":"A","181":"G","182":";","183":"I","184":"A","185":"C","186":"H","187":",","188":"O","189":"A","190":"A","191":"M","192":";","193":"M","194":"A","195":"C","196":"F","197":",","198":"O","199":"A","200":"A","201":"O","202":",","203":"E","204":"A","205":"A","206":"G","207":";","208":"I","209":"A","210":"C","211":"d","212":",","213":"C","214":"A","215":"A","216":"C","217":";","218":"E","219":"A","220":"C","221":"L","222":";","223":"A","224":"A","225":"C","226":"J","227":",","228":"C","229":"A","230":"A","231":"C","232":";","233":"A","234":"A","235":"A","236":"A","237":";","238":"A","239":"A","240":"A","241":"A","242":"\"","243":",","244":"\"","245":"f","246":"i","247":"l","248":"e","249":"\"","250":":","251":"\"","252":"C","253":":","254":"\\","255":"\\","256":"U","257":"s","258":"e","259":"r","260":"s","261":"\\","262":"\\","263":"A","264":"h","265":"m","266":"e","267":"d","268":" ","269":"K","270":"a","271":"m","272":"e","273":"l","274":"\\","275":"\\","276":"D","277":"e","278":"s","279":"k","280":"t","281":"o","282":"p","283":"\\","284":"\\","285":"V","286":"u","287":"e","288":" ","289":"l","290":"e","291":"a","292":"r","293":"n","294":"\\","295":"\\","296":"m","297":"y","298":"-","299":"p","300":"r","301":"o","302":"j","303":"e","304":"c","305":"t","306":"\\","307":"\\","308":"s","309":"r","310":"c","311":"\\","312":"\\","313":"c","314":"o","315":"m","316":"p","317":"o","318":"n","319":"e","320":"n","321":"t","322":"s","323":"\\","324":"\\","325":"M","326":"a","327":"i","328":"n","329":"N","330":"a","331":"v","332":".","333":"v","334":"u","335":"e","336":"\"","337":",","338":"\"","339":"s","340":"o","341":"u","342":"r","343":"c","344":"e","345":"s","346":"C","347":"o","348":"n","349":"t","350":"e","351":"n","352":"t","353":"\"","354":":","355":"[","356":"\"","357":"<","358":"t","359":"e","360":"m","361":"p","362":"l","363":"a","364":"t","365":"e","366":">","367":"\\","368":"r","369":"\\","370":"n","371":"\\","372":"r","373":"\\","374":"n","375":"\\","376":"r","377":"\\","378":"n","379":" ","380":" ","381":" ","382":" ","383":"<","384":"h","385":"e","386":"a","387":"d","388":"e","389":"r","390":" ","391":"c","392":"l","393":"a","394":"s","395":"s","396":"=","397":"\\","398":"\"","399":"w","400":"-","401":"f","402":"u","403":"l","404":"l","405":" ","406":"t","407":"e","408":"x","409":"t","410":"-","411":"s","412":"m","413":"\\","414":"\"","415":">","416":" ","417":"\\","418":"r","419":"\\","420":"n","421":" ","422":" ","423":" ","424":" ","425":" ","426":" ","427":" ","428":" ","429":"<","430":"d","431":"i","432":"v","433":" ","434":"c","435":"l","436":"a","437":"s","438":"s","439":"=","440":"\\","441":"\"","442":"f","443":"i","444":"x","445":"e","446":"d","447":" ","448":"t","449":"o","450":"p","451":"-","452":"0","453":" ","454":"l","455":"e","456":"f","457":"t","458":"-","459":"0","460":" ","461":"w","462":"-","463":"f","464":"u","465":"l","466":"l","467":" ","468":"h","469":"-","470":"1","471":"6","472":" ","473":"b","474":"g","475":"-","476":"w","477":"h","478":"i","479":"t","480":"e","481":"\\","482":"\"","483":">","484":"\\","485":"r","486":"\\","487":"n","488":" ","489":" ","490":" ","491":" ","492":" ","493":" ","494":" ","495":" ","496":" ","497":" ","498":" ","499":" ","500":"<","501":"d","502":"i","503":"v","504":" ","505":"c","506":"l","507":"a","508":"s","509":"s","510":"=","511":"\\","512":"\"","513":"f","514":"l","515":"e","516":"x","517":" ","518":"h","519":"-","520":"f","521":"u","522":"l","523":"l","524":" ","525":"p","526":"x","527":"-","528":"8","529":" ","530":"m","531":"x","532":"-","533":"a","534":"u","535":"t","536":"o","537":" ","538":"b","539":"o","540":"r","541":"d","542":"e","543":"r","544":"-","545":"b","546":" ","547":"b","548":"o","549":"r","550":"d","551":"e","552":"r","553":"-","554":"s","555":"o","556":"l","557":"i","558":"d","559":" ","560":"f","561":"l","562":"e","563":"x","564":"-","565":"n","566":"o","567":"w","568":"r","569":"a","570":"p","571":" ","572":"b","573":"o","574":"r","575":"d","576":"e","577":"r","578":"-","579":"b","580":"r","581":"a","582":"n","583":"d","584":"-","585":"b","586":"l","587":"u","588":"e","589":"-","590":"1","591":"\\","592":"\"","593":">","594":"\\","595":"r","596":"\\","597":"n","598":" ","599":" ","600":" ","601":" ","602":" ","603":" ","604":" ","605":" ","606":" ","607":" ","608":" ","609":" ","610":" ","611":" ","612":" ","613":" ","614":"<","615":"a","616":" ","617":"h","618":"r","619":"e","620":"f","621":"=","622":"\\","623":"\"","624":"/","625":"\\","626":"\"","627":" ","628":"c","629":"l","630":"a","631":"s","632":"s","633":"=","634":"\\","635":"\"","636":"f","637":"l","638":"e","639":"x","640":" ","641":"i","642":"t","643":"e","644":"m","645":"s","646":"-","647":"c","648":"e","649":"n","650":"t","651":"e","652":"r","653":" ","654":"h","655":"-","656":"f","657":"u","658":"l","659":"l","660":" ","661":"t","662":"e","663":"x","664":"t","665":"-","666":"x","667":"l","668":"\\","669":"\"","670":">","671":"{","672":"{","673":" ","674":"c","675":"o","676":"m","677":"p","678":"a","679":"n","680":"y","681":" ","682":"}","683":"}","684":"<","685":"/","686":"a","687":">","688":"\\","689":"r","690":"\\","691":"n","692":" ","693":" ","694":" ","695":" ","696":" ","697":" ","698":" ","699":" ","700":" ","701":" ","702":" ","703":" ","704":" ","705":" ","706":"\\","707":"r","708":"\\","709":"n","710":" ","711":" ","712":" ","713":" ","714":" ","715":" ","716":" ","717":" ","718":" ","719":" ","720":" ","721":" ","722":"<","723":"/","724":"d","725":"i","726":"v","727":">","728":"\\","729":"r","730":"\\","731":"n","732":" ","733":" ","734":" ","735":" ","736":" ","737":" ","738":" ","739":" ","740":"<","741":"/","742":"d","743":"i","744":"v","745":">","746":" ","747":" ","748":" ","749":" ","750":" ","751":" ","752":" ","753":" ","754":" ","755":" ","756":" ","757":" ","758":" ","759":"\\","760":"r","761":"\\","762":"n","763":" ","764":" ","765":" ","766":" ","767":"<","768":"/","769":"h","770":"e","771":"a","772":"d","773":"e","774":"r","775":">","776":"\\","777":"r","778":"\\","779":"n","780":"\\","781":"r","782":"\\","783":"n","784":" ","785":" ","786":" ","787":" ","788":"\\","789":"r","790":"\\","791":"n","792":"<","793":"/","794":"t","795":"e","796":"m","797":"p","798":"l","799":"a","800":"t","801":"e","802":">","803":"\\","804":"r","805":"\\","806":"n","807":"\\","808":"r","809":"\\","810":"n","811":"<","812":"s","813":"c","814":"r","815":"i","816":"p","817":"t","818":">","819":"\\","820":"r","821":"\\","822":"n","823":"e","824":"x","825":"p","826":"o","827":"r","828":"t","829":" ","830":"d","831":"e","832":"f","833":"a","834":"u","835":"l","836":"t","837":"{","838":"\\","839":"r","840":"\\","841":"n","842":" ","843":" ","844":" ","845":" ","846":"n","847":"a","848":"m","849":"e","850":":","851":" ","852":"\\","853":"\"","854":"M","855":"a","856":"i","857":"n","858":"N","859":"a","860":"v","861":"\\","862":"\"","863":",","864":"\\","865":"r","866":"\\","867":"n","868":" ","869":" ","870":" ","871":" ","872":"d","873":"a","874":"t","875":"a","876":"(","877":")","878":" ","879":"{","880":"\\","881":"r","882":"\\","883":"n","884":" ","885":" ","886":" ","887":" ","888":" ","889":" ","890":" ","891":" ","892":"r","893":"e","894":"t","895":"u","896":"r","897":"n","898":"{","899":"\\","900":"r","901":"\\","902":"n","903":" ","904":" ","905":" ","906":" ","907":" ","908":" ","909":" ","910":" ","911":" ","912":" ","913":" ","914":" ","915":"c","916":"o","917":"m","918":"p","919":"a","920":"n","921":"y","922":" ","923":":","924":" ","925":"\\","926":"\"","927":"H","928":"i","929":"g","930":"h","931":"t","932":" ","933":"J","934":"a","935":"c","936":"k","937":" ","938":"I","939":"n","940":"d","941":"i","942":"c","943":"a","944":"t","945":"o","946":"r","947":"\\","948":"\"","949":",","950":"\\","951":"r","952":"\\","953":"n","954":" ","955":" ","956":" ","957":" ","958":" ","959":" ","960":" ","961":" ","962":"}","963":"\\","964":"r","965":"\\","966":"n","967":" ","968":" ","969":" ","970":" ","971":"}","972":"\\","973":"r","974":"\\","975":"n","976":"}","977":"\\","978":"r","979":"\\","980":"n","981":"<","982":"/","983":"s","984":"c","985":"r","986":"i","987":"p","988":"t","989":">","990":"\"","991":"]","992":"}"},"_coverageSchema":"1a1c01bbd47fc00a2c39e90264f33305004495a9","hash":"1f3f00e55f69185bc71cc74d76654b7af05eba49"}
}
